<?xml version="1.0" encoding="UTF-8"?>
<!-- Generated by org.testng.reporters.JUnitXMLReporter -->
<testsuite ignored="8" hostname="SATHESH" failures="0" tests="3" name="Surefire test" time="20.89" errors="0" timestamp="2026-04-19T14:41:54 IST">
  <testcase classname="Com.DemoWEbShop_GenericUtility.BaseTest" name="@BeforeClass bc" time="0.79">
    <failure type="java.lang.NullPointerException" message="Cannot invoke &amp;quot;com.aventstack.extentreports.ExtentTest.log(com.aventstack.extentreports.Status, String)&amp;quot; because &amp;quot;this.test&amp;quot; is null">
      <![CDATA[java.lang.NullPointerException: Cannot invoke "com.aventstack.extentreports.ExtentTest.log(com.aventstack.extentreports.Status, String)" because "this.test" is null
at Com.DemoWEbShop_GenericUtility.BaseTest.bc(BaseTest.java:75)
at java.base/java.util.ArrayList.forEach(ArrayList.java:1596)
... Removed 28 stack frames]]>
    </failure>
  </testcase> <!-- @BeforeClass bc -->
  <testcase classname="Com.DemoWEbShop_GenericUtility.BaseTest" name="@BeforeMethod bm" time="0.0">
    <skipped/>
  </testcase> <!-- @BeforeMethod bm -->
  <testcase classname="Com.DemoWEbShop_GenericUtility.BaseTest" name="@AfterMethod am" time="0.0">
    <skipped/>
  </testcase> <!-- @AfterMethod am -->
  <testcase classname="Com.DemoWEbShop_GenericUtility.BaseTest" name="@AfterClass ac" time="0.0">
    <skipped/>
  </testcase> <!-- @AfterClass ac -->
  <testcase classname="Com.DemoWEbShop_GenericUtility.BaseTest" name="@BeforeClass bc" time="0.721">
    <failure type="java.lang.NullPointerException" message="Cannot invoke &amp;quot;com.aventstack.extentreports.ExtentTest.log(com.aventstack.extentreports.Status, String)&amp;quot; because &amp;quot;this.test&amp;quot; is null">
      <![CDATA[java.lang.NullPointerException: Cannot invoke "com.aventstack.extentreports.ExtentTest.log(com.aventstack.extentreports.Status, String)" because "this.test" is null
at Com.DemoWEbShop_GenericUtility.BaseTest.bc(BaseTest.java:75)
at java.base/java.util.ArrayList.forEach(ArrayList.java:1596)
... Removed 28 stack frames]]>
    </failure>
  </testcase> <!-- @BeforeClass bc -->
  <testcase classname="Com.DemoWEbShop_GenericUtility.BaseTest" name="@BeforeMethod bm" time="0.0">
    <skipped/>
  </testcase> <!-- @BeforeMethod bm -->
  <testcase classname="Com.DemoWEbShop_GenericUtility.BaseTest" name="@AfterMethod am" time="0.0">
    <skipped/>
  </testcase> <!-- @AfterMethod am -->
  <testcase classname="Com.DemoWEbShop_GenericUtility.BaseTest" name="@AfterClass ac" time="0.0">
    <skipped/>
  </testcase> <!-- @AfterClass ac -->
  <testcase classname="Com.DemoWebShop_TestScripts.TC_001_Verify_user_is_able_to_add_new_address_or_not_Test" name="addAdress" time="9.22"/>
  <testcase classname="Com.DemoWebShop_TestScripts.TC_002_Verify_user_is_able_to_delete_adress_or_not_Test" name="addAdress" time="0.0">
    <skipped/>
  </testcase> <!-- addAdress -->
  <testcase classname="Com.DemoWebShop_TestScripts.TC_003_Verify_User_is_able_to_add_product_to_Carts_Test" name="addToCart" time="0.0">
    <skipped/>
  </testcase> <!-- addToCart -->
  <testcase classname="Com.DemoWEbShop_GenericUtility.BaseTest" name="@BeforeSuite bs" time="0.0">
    <ignored/>
  </testcase> <!-- @BeforeSuite bs -->
  <testcase classname="Com.DemoWEbShop_GenericUtility.BaseTest" name="@BeforeSuite bs" time="0.0">
    <ignored/>
  </testcase> <!-- @BeforeSuite bs -->
  <testcase classname="Com.DemoWEbShop_GenericUtility.BaseTest" name="@BeforeTest bt" time="0.0">
    <ignored/>
  </testcase> <!-- @BeforeTest bt -->
  <testcase classname="Com.DemoWEbShop_GenericUtility.BaseTest" name="@AfterSuite as" time="0.0">
    <ignored/>
  </testcase> <!-- @AfterSuite as -->
  <testcase classname="Com.DemoWEbShop_GenericUtility.BaseTest" name="@AfterTest at" time="0.0">
    <ignored/>
  </testcase> <!-- @AfterTest at -->
  <testcase classname="Com.DemoWEbShop_GenericUtility.BaseTest" name="@BeforeTest bt" time="0.0">
    <ignored/>
  </testcase> <!-- @BeforeTest bt -->
  <testcase classname="Com.DemoWEbShop_GenericUtility.BaseTest" name="@AfterSuite as" time="0.0">
    <ignored/>
  </testcase> <!-- @AfterSuite as -->
  <testcase classname="Com.DemoWEbShop_GenericUtility.BaseTest" name="@AfterTest at" time="0.0">
    <ignored/>
  </testcase> <!-- @AfterTest at -->
</testsuite> <!-- Surefire test -->
