<?xml version="1.0" encoding="UTF-8"?>
<!-- Generated by org.testng.reporters.JUnitReportReporter -->
<testsuite hostname="SATHESH" failures="0" tests="1" name="Com.DemoWebShop_TestScripts.TC_002_Verify_user_is_able_to_delete_adress_or_not" time="13.285" errors="0" timestamp="2026-04-08T19:54:55 IST" skipped="0">
  <testcase classname="Com.DemoWebShop_TestScripts.TC_002_Verify_user_is_able_to_delete_adress_or_not" name="addAdress" time="13.285"/>
</testsuite> <!-- Com.DemoWebShop_TestScripts.TC_002_Verify_user_is_able_to_delete_adress_or_not -->
