<?xml version="1.0" encoding="UTF-8"?>
<!-- Generated by org.testng.reporters.JUnitReportReporter -->
<testsuite hostname="SATHESH" failures="0" tests="1" name="Com.DemoWebShop_TestScripts.TC_001_Verify_user_is_able_to_add_new_address_or_not" time="13.984" errors="0" timestamp="2026-04-07T20:36:24 IST" skipped="0">
  <testcase classname="Com.DemoWebShop_TestScripts.TC_001_Verify_user_is_able_to_add_new_address_or_not" name="addAdress" time="13.984"/>
</testsuite> <!-- Com.DemoWebShop_TestScripts.TC_001_Verify_user_is_able_to_add_new_address_or_not -->
