<?xml version="1.0" encoding="UTF-8"?>
<!-- Generated by org.testng.reporters.JUnitReportReporter -->
<testsuite hostname="SATHESH" failures="0" tests="1" name="Com.DemoWebShop_TestScripts.TC003_Verify_User_is_able_to_add_product_to_Carts_Test" time="6.308" errors="0" timestamp="2026-04-19T14:20:28 IST" skipped="0">
  <testcase classname="Com.DemoWebShop_TestScripts.TC003_Verify_User_is_able_to_add_product_to_Carts_Test" name="addToCart" time="6.308"/>
</testsuite> <!-- Com.DemoWebShop_TestScripts.TC003_Verify_User_is_able_to_add_product_to_Carts_Test -->
