<?xml version="1.0" encoding="UTF-8"?>
<!-- Generated by org.testng.reporters.JUnitReportReporter -->
<testsuite hostname="SATHESH" failures="0" tests="1" name="Com.DemoWebShop_TestScripts.TC_001_Verify_user_is_able_to_add_new_address_or_not_Test" time="13.920" errors="0" timestamp="2026-04-10T20:07:36 IST" skipped="0">
  <testcase classname="Com.DemoWebShop_TestScripts.TC_001_Verify_user_is_able_to_add_new_address_or_not_Test" name="addAdress" time="13.920"/>
</testsuite> <!-- Com.DemoWebShop_TestScripts.TC_001_Verify_user_is_able_to_add_new_address_or_not_Test -->
