<?xml version="1.0" encoding="UTF-8"?>
<testng-results ignored="0" total="1" passed="1" failed="0" skipped="0">
  <reporter-output>
  </reporter-output>
  <suite started-at="2026-06-16T12:52:19 IST" name="Default suite" finished-at="2026-06-16T12:52:43 IST" duration-ms="23930">
    <groups>
    </groups>
    <test started-at="2026-06-16T12:52:19 IST" name="Default test" finished-at="2026-06-16T12:52:43 IST" duration-ms="23930">
      <class name="Com.DemoWebShop_TestScripts.TC_001_Verify_user_is_able_to_add_new_address_or_not_Test">
        <test-method is-config="true" signature="bs()[pri:0, instance:Com.DemoWebShop_TestScripts.TC_001_Verify_user_is_able_to_add_new_address_or_not_Test@489115ef]" started-at="2026-06-16T12:52:19 IST" name="bs" finished-at="2026-06-16T12:52:19 IST" duration-ms="8" status="PASS">
          <reporter-output>
          </reporter-output>
        </test-method> <!-- bs -->
        <test-method is-config="true" signature="bt()[pri:0, instance:Com.DemoWebShop_TestScripts.TC_001_Verify_user_is_able_to_add_new_address_or_not_Test@489115ef]" started-at="2026-06-16T12:52:19 IST" name="bt" finished-at="2026-06-16T12:52:20 IST" duration-ms="205" status="PASS">
          <reporter-output>
          </reporter-output>
        </test-method> <!-- bt -->
        <test-method is-config="true" signature="bc()[pri:0, instance:Com.DemoWebShop_TestScripts.TC_001_Verify_user_is_able_to_add_new_address_or_not_Test@489115ef]" started-at="2026-06-16T12:52:20 IST" name="bc" finished-at="2026-06-16T12:52:26 IST" duration-ms="6010" status="PASS">
          <reporter-output>
          </reporter-output>
        </test-method> <!-- bc -->
        <test-method is-config="true" signature="bm()[pri:0, instance:Com.DemoWebShop_TestScripts.TC_001_Verify_user_is_able_to_add_new_address_or_not_Test@489115ef]" started-at="2026-06-16T12:52:26 IST" name="bm" finished-at="2026-06-16T12:52:28 IST" duration-ms="2421" status="PASS">
          <reporter-output>
          </reporter-output>
        </test-method> <!-- bm -->
        <test-method signature="addAdress()[pri:0, instance:Com.DemoWebShop_TestScripts.TC_001_Verify_user_is_able_to_add_new_address_or_not_Test@489115ef]" started-at="2026-06-16T12:52:28 IST" name="addAdress" finished-at="2026-06-16T12:52:39 IST" duration-ms="11288" status="PASS">
          <reporter-output>
          </reporter-output>
        </test-method> <!-- addAdress -->
        <test-method is-config="true" signature="am()[pri:0, instance:Com.DemoWebShop_TestScripts.TC_001_Verify_user_is_able_to_add_new_address_or_not_Test@489115ef]" started-at="2026-06-16T12:52:39 IST" name="am" finished-at="2026-06-16T12:52:41 IST" duration-ms="1216" status="PASS">
          <reporter-output>
          </reporter-output>
        </test-method> <!-- am -->
        <test-method is-config="true" signature="ac()[pri:0, instance:Com.DemoWebShop_TestScripts.TC_001_Verify_user_is_able_to_add_new_address_or_not_Test@489115ef]" started-at="2026-06-16T12:52:41 IST" name="ac" finished-at="2026-06-16T12:52:43 IST" duration-ms="2451" status="PASS">
          <reporter-output>
          </reporter-output>
        </test-method> <!-- ac -->
        <test-method is-config="true" signature="at()[pri:0, instance:Com.DemoWebShop_TestScripts.TC_001_Verify_user_is_able_to_add_new_address_or_not_Test@489115ef]" started-at="2026-06-16T12:52:43 IST" name="at" finished-at="2026-06-16T12:52:43 IST" duration-ms="253" status="PASS">
          <reporter-output>
          </reporter-output>
        </test-method> <!-- at -->
        <test-method is-config="true" signature="as()[pri:0, instance:Com.DemoWebShop_TestScripts.TC_001_Verify_user_is_able_to_add_new_address_or_not_Test@489115ef]" started-at="2026-06-16T12:52:43 IST" name="as" finished-at="2026-06-16T12:52:43 IST" duration-ms="1" status="PASS">
          <reporter-output>
          </reporter-output>
        </test-method> <!-- as -->
      </class> <!-- Com.DemoWebShop_TestScripts.TC_001_Verify_user_is_able_to_add_new_address_or_not_Test -->
    </test> <!-- Default test -->
  </suite> <!-- Default suite -->
</testng-results>
